2025-03-13 12:56:10.850 Python[25899:12334209] WARNING: AVCaptureDeviceTypeExternal is deprecated for Continuity Cameras. Please use AVCaptureDeviceTypeContinuityCamera and add NSCameraUseContinuityCameraDeviceType to your Info.plist.
 * Serving Flask app 'app'
 * Debug mode: off
2025-03-13 12:56:12,222 - INFO - [31m[1mWARNING: This is a development server. Do not use it in a production deployment. Use a production WSGI server instead.[0m
 * Running on all addresses (0.0.0.0)
 * Running on http://127.0.0.1:5002
 * Running on http://192.168.1.87:5002
2025-03-13 12:56:12,222 - INFO - [33mPress CTRL+C to quit[0m
2025-03-13 12:56:15,570 - INFO - 127.0.0.1 - - [13/Mar/2025 12:56:15] "GET /cart HTTP/1.1" 200 -
2025-03-13 12:56:15,747 - INFO - 127.0.0.1 - - [13/Mar/2025 12:56:15] "GET /video_feed HTTP/1.1" 200 -
2025-03-13 12:56:17,569 - INFO - 127.0.0.1 - - [13/Mar/2025 12:56:17] "GET /cart HTTP/1.1" 200 -
2025-03-13 12:56:19,574 - INFO - 127.0.0.1 - - [13/Mar/2025 12:56:19] "GET /cart HTTP/1.1" 200 -
2025-03-13 12:56:21,616 - INFO - 127.0.0.1 - - [13/Mar/2025 12:56:21] "GET /cart HTTP/1.1" 200 -
2025-03-13 12:56:23,700 - INFO - 127.0.0.1 - - [13/Mar/2025 12:56:23] "GET /cart HTTP/1.1" 200 -
2025-03-13 12:56:23,713 - INFO - 127.0.0.1 - - [13/Mar/2025 12:56:23] "GET /pay HTTP/1.1" 200 -
2025-03-13 12:56:24,601 - INFO - 127.0.0.1 - - [13/Mar/2025 12:56:24] "GET /pay HTTP/1.1" 200 -
Model outputs shape: (1, 10, 8400)
Sample output: [14.9890375 12.7236595 20.418934  28.432438  35.746105  43.701088
 51.97361   59.903725  68.11017   75.998535 ]
Model outputs shape: (1, 10, 8400)
Sample output: [15.156608 12.748299 20.383736 28.447508 35.70189  43.921143 52.15295
 60.15432  67.98221  75.77521 ]
Model outputs shape: (1, 10, 8400)
Sample output: [14.764113 12.746893 20.411663 28.475445 35.563126 43.73243  51.945
 59.900814 67.88074  76.05615 ]
Model outputs shape: (1, 10, 8400)
Sample output: [15.028774 12.657824 20.50071  28.495441 35.651142 43.913513 51.95887
 59.869118 67.84193  75.78005 ]
Model outputs shape: (1, 10, 8400)
Sample output: [14.792774 12.887801 20.625488 28.46884  35.66317  43.60865  51.834816
 59.83681  68.053925 75.86722 ]
Model outputs shape: (1, 10, 8400)
Sample output: [14.900833 12.812693 20.413713 28.088299 35.16944  43.801605 52.14969
 60.078045 68.12478  76.08237 ]
Model outputs shape: (1, 10, 8400)
Sample output: [14.682951 12.805655 20.510403 28.52449  35.39734  43.50225  51.64677
 59.68899  68.014694 76.13966 ]
Model outputs shape: (1, 10, 8400)
Sample output: [15.022066 12.826143 20.368896 28.587978 35.913124 43.894638 52.242985
 59.99049  68.25818  76.20887 ]
Model outputs shape: (1, 10, 8400)
Sample output: [15.098047 12.855743 20.451708 28.44381  35.523624 43.657455 51.806812
 59.706036 67.79489  76.083145]
Model outputs shape: (1, 10, 8400)
Sample output: [14.938615 12.765013 20.439362 28.254433 35.522217 43.959076 52.293823
 60.041103 68.00011  75.92525 ]
Model outputs shape: (1, 10, 8400)
Sample output: [14.457996 12.785647 20.557163 28.402172 35.493225 43.701797 51.88937
 59.88434  68.00772  76.05759 ]
Model outputs shape: (1, 10, 8400)
Sample output: [15.095537 12.834264 20.387917 28.262352 35.48575  43.920025 52.16062
 60.120964 68.21973  76.08342 ]
Model outputs shape: (1, 10, 8400)
Sample output: [15.040886  12.7878685 20.492342  28.430557  35.543312  44.102417
 52.284706  60.058548  68.24183   76.18912  ]
Model outputs shape: (1, 10, 8400)
Sample output: [15.025898 12.763101 20.384007 28.206669 35.150955 43.783356 52.080975
 59.9248   68.05147  76.19658 ]
Model outputs shape: (1, 10, 8400)
Sample output: [14.889845 12.74864  20.381584 28.43856  35.596886 43.944756 52.180378
 59.98384  68.260544 76.10886 ]
Model outputs shape: (1, 10, 8400)
Sample output: [15.1476345 12.833324  20.388077  28.12526   35.166683  43.577583
 51.882504  59.817234  67.9214    75.925064 ]
Model outputs shape: (1, 10, 8400)
Sample output: [14.9003525 12.812628  20.354553  28.106956  35.477592  44.06716
 52.33362   60.450848  68.39137   76.301765 ]
Model outputs shape: (1, 10, 8400)
Sample output: [14.70825  12.792025 20.557821 28.563255 35.878002 44.071945 52.22151
 59.972816 67.66551  75.964676]
Model outputs shape: (1, 10, 8400)
Sample output: [14.582266 12.823577 20.430893 28.610962 35.799477 44.0665   52.12468
 59.904903 68.137276 76.07754 ]
Model outputs shape: (1, 10, 8400)
Sample output: [14.49365  13.074791 20.769882 28.786396 35.802357 43.80612  52.015247
 59.82108  68.196014 76.236626]
Model outputs shape: (1, 10, 8400)
Sample output: [14.419923 12.926151 20.50684  28.782066 36.087715 43.935806 52.181767
 60.201263 68.506615 76.25732 ]
Model outputs shape: (1, 10, 8400)
Sample output: [14.657739 12.932477 20.534737 28.597216 35.844563 43.963196 51.716362
 59.81039  67.95659  76.01844 ]
Model outputs shape: (1, 10, 8400)
Sample output: [14.540192  12.8889675 20.651508  28.79903   35.94251   43.945137
 51.810608  59.99585   68.25612   76.29051  ]
Model outputs shape: (1, 10, 8400)
Sample output: [14.312991 12.718243 20.547    28.592754 35.87113  44.06517  52.03532
 60.05993  68.21301  76.17274 ]
Model outputs shape: (1, 10, 8400)
Sample output: [15.048804 12.885675 20.374226 28.362984 35.483593 43.72076  52.031998
 60.040085 68.033875 76.09055 ]
Model outputs shape: (1, 10, 8400)
Sample output: [14.569814 12.87816  20.603245 28.929123 36.148426 44.292976 52.20549
 60.002575 68.04914  76.04351 ]
Model outputs shape: (1, 10, 8400)
Sample output: [14.612232 12.992827 20.7569   28.805801 35.798016 43.985214 52.158436
 60.183945 68.1565   76.23323 ]
Model outputs shape: (1, 10, 8400)
Sample output: [14.389713 12.891657 20.60662  28.880768 35.97291  44.07686  52.257095
 60.096073 68.17567  76.14992 ]
Model outputs shape: (1, 10, 8400)
Sample output: [14.088871 12.8361   20.745697 28.777218 36.209644 44.347095 52.569576
 60.495037 68.45298  76.2066  ]
Model outputs shape: (1, 10, 8400)
Sample output: [14.307572 12.752262 20.612656 28.972519 36.261375 44.281536 51.944263
 59.882217 68.04294  76.15173 ]
Model outputs shape: (1, 10, 8400)
Sample output: [14.395761 12.766327 20.706179 28.993095 36.217896 44.320354 52.109516
 59.75657  67.87935  75.90077 ]
Model outputs shape: (1, 10, 8400)
Sample output: [14.721486 12.796221 20.612392 28.662746 35.729668 43.604294 51.611156
 59.542213 67.66065  75.95239 ]
Model outputs shape: (1, 10, 8400)
Sample output: [14.616487 12.805754 20.574493 28.799995 35.796124 43.796665 51.909172
 60.005806 68.11891  76.1858  ]
Model outputs shape: (1, 10, 8400)
Sample output: [14.656676 12.725655 20.480152 28.570168 35.66155  43.781647 51.97207
 60.109818 68.35124  76.43769 ]
Model outputs shape: (1, 10, 8400)
Sample output: [14.6654625 12.762604  20.445477  28.50509   35.589203  43.92477
 52.214375  60.083847  68.250244  76.0201   ]
Model outputs shape: (1, 10, 8400)
Sample output: [14.682361 12.843195 20.434845 28.751736 35.92193  44.270958 52.25154
 59.9412   68.123314 75.96967 ]
Model outputs shape: (1, 10, 8400)
Sample output: [15.070974 12.892975 20.503914 28.659369 35.781506 43.839005 51.84631
 59.819973 68.20207  76.179276]
Model outputs shape: (1, 10, 8400)
Sample output: [14.678205 12.917074 20.629974 28.510738 35.694645 44.019062 52.07892
 60.176926 68.24764  76.11278 ]
Model outputs shape: (1, 10, 8400)
Sample output: [14.788246 12.79491  20.436695 28.199661 34.991783 43.38906  51.6722
 59.921196 68.305145 76.111664]
Model outputs shape: (1, 10, 8400)
Sample output: [14.5117855 12.842176  20.597815  28.684483  35.89565   43.789234
 51.93948   59.98336   68.18649   76.224045 ]
Model outputs shape: (1, 10, 8400)
Sample output: [15.17709  12.87702  20.288452 28.452223 35.74276  43.969746 52.194016
 60.194695 68.394325 76.135956]
Model outputs shape: (1, 10, 8400)
Sample output: [14.795225 12.78468  20.592735 28.720634 36.013508 44.383125 52.421753
 60.310837 68.57489  76.52597 ]
Model outputs shape: (1, 10, 8400)
Sample output: [14.8164215 12.886562  20.516283  28.496841  35.704887  43.9533
 52.15857   60.154037  68.413055  76.40605  ]
Model outputs shape: (1, 10, 8400)
Sample output: [14.381595 12.646626 20.57967  28.679192 36.07871  44.13179  52.260887
 59.93114  68.193665 76.19681 ]
Model outputs shape: (1, 10, 8400)
Sample output: [14.480713 12.868041 20.523731 28.554428 35.52603  43.819206 52.258038
 60.291245 68.69647  76.467186]
Model outputs shape: (1, 10, 8400)
Sample output: [14.593999 12.732426 20.553934 28.501797 35.367588 43.706715 51.953117
 59.98358  68.23898  76.28558 ]
Model outputs shape: (1, 10, 8400)
Sample output: [14.458409 12.828592 20.489815 28.594723 35.66431  44.019005 52.137386
 60.26982  68.26227  76.085556]
Model outputs shape: (1, 10, 8400)
Sample output: [14.177874 12.846653 20.571033 28.757694 35.83563  44.14904  52.0754
 59.99725  68.037285 76.2184  ]
Model outputs shape: (1, 10, 8400)
Sample output: [14.816343 12.942089 20.490788 28.72165  35.637474 43.817284 52.09874
 60.30432  68.369995 76.25375 ]
Model outputs shape: (1, 10, 8400)
Sample output: [14.555893 12.818909 20.565937 28.629086 35.89829  44.278294 52.32125
 60.16809  68.08748  76.13253 ]
Model outputs shape: (1, 10, 8400)
Sample output: [14.03304  12.798785 20.671146 28.801888 35.99173  44.13977  52.300594
 60.28504  68.51961  76.33808 ]
Model outputs shape: (1, 10, 8400)
Sample output: [14.312664  12.8716545 20.538616  28.679646  35.843624  44.09757
 52.12372   60.15677   68.25532   76.11428  ]
Model outputs shape: (1, 10, 8400)
Sample output: [14.188607 12.911015 20.562466 28.68206  35.87575  44.108112 52.239105
 60.364914 68.50443  76.49633 ]
Model outputs shape: (1, 10, 8400)2025-03-13 12:56:25,620 - INFO - 127.0.0.1 - - [13/Mar/2025 12:56:25] "GET /cart HTTP/1.1" 200 -
2025-03-13 12:56:27,723 - INFO - 127.0.0.1 - - [13/Mar/2025 12:56:27] "GET /cart HTTP/1.1" 200 -
2025-03-13 12:56:30,542 - INFO - 127.0.0.1 - - [13/Mar/2025 12:56:30] "GET /cart HTTP/1.1" 200 -
2025-03-13 12:56:33,627 - INFO - 127.0.0.1 - - [13/Mar/2025 12:56:33] "GET /cart HTTP/1.1" 200 -

Sample output: [13.730701 12.8095   20.735748 28.809715 35.950424 44.030033 52.154533
 60.211166 68.30708  76.364975]
Model outputs shape: (1, 10, 8400)
Sample output: [14.2502365 12.780304  20.609978  28.604446  35.703743  44.104675
 52.1699    60.13307   68.23903   76.08577  ]
Model outputs shape: (1, 10, 8400)
Sample output: [13.954107 12.741863 20.680225 28.540483 35.57621  43.906776 51.96322
 60.042267 68.26259  76.17844 ]
Model outputs shape: (1, 10, 8400)
Sample output: [14.19796  12.854731 20.603962 28.368206 35.192543 43.555695 51.60347
 59.578682 67.66616  76.00734 ]
Model outputs shape: (1, 10, 8400)
Sample output: [14.177508 12.881279 20.687294 28.58125  35.515205 43.862    51.92634
 59.936512 68.03337  76.187225]
Model outputs shape: (1, 10, 8400)
Sample output: [13.817694  12.7985735 20.774647  28.822113  35.798477  43.841965
 51.956974  59.90724   68.16438   76.28992  ]
Model outputs shape: (1, 10, 8400)
Sample output: [14.047276 12.899958 20.827019 28.848412 35.743134 43.59401  51.71763
 59.8355   68.10252  76.44725 ]
Model outputs shape: (1, 10, 8400)
Sample output: [14.725496 12.840679 20.548819 28.438457 35.668335 43.626534 51.617405
 59.697567 67.83007  75.975555]
Model outputs shape: (1, 10, 8400)
Sample output: [14.22571  12.815649 20.51735  28.629324 35.593388 43.800034 52.026947
 59.93299  68.10641  76.24959 ]
Model outputs shape: (1, 10, 8400)
Sample output: [14.298842 12.928442 20.63472  28.338829 35.424652 43.788876 52.014576
 60.21585  68.27747  76.23867 ]
Model outputs shape: (1, 10, 8400)
Sample output: [14.0719385 12.69377   20.566172  28.484535  35.765743  43.876152
 51.855507  60.21785   68.417885  76.43065  ]
Model outputs shape: (1, 10, 8400)
Sample output: [13.451595 12.75387  21.057117 29.02966  36.5194   44.493202 52.4097
 60.303818 68.58058  76.429214]
Model outputs shape: (1, 10, 8400)
Sample output: [14.188717 12.778212 20.786383 28.676554 35.713196 43.91633  51.9125
 59.729473 68.00423  76.0144  ]
Model outputs shape: (1, 10, 8400)
Sample output: [14.298788 12.639081 20.462257 28.384834 35.295525 43.823475 52.049267
 60.203766 68.465576 76.43521 ]
Model outputs shape: (1, 10, 8400)
Sample output: [14.146929 12.794407 20.585445 28.365475 35.532997 44.298687 52.741394
 60.391685 68.323616 75.93075 ]
Model outputs shape: (1, 10, 8400)
Sample output: [14.466661 12.667263 20.510405 28.730473 35.749054 44.01121  52.21223
 60.05962  68.10862  76.07957 ]
Model outputs shape: (1, 10, 8400)
Sample output: [14.55777  12.729988 20.443336 28.460085 35.847992 44.15978  52.31884
 60.072533 68.087006 76.22173 ]
Model outputs shape: (1, 10, 8400)
Sample output: [15.294517 12.998057 20.34301  28.331629 35.70919  44.15063  52.458652
 60.309925 68.328735 76.181366]
Model outputs shape: (1, 10, 8400)
Sample output: [14.83635  12.742664 20.452599 28.09687  35.30754  43.714867 52.140533
 60.079376 68.1797   76.15165 ]
Model outputs shape: (1, 10, 8400)
Sample output: [14.842061 12.871673 20.551857 28.247349 35.475624 43.782707 51.92522
 59.767406 68.10774  76.20614 ]
Model outputs shape: (1, 10, 8400)
Sample output: [14.536411 12.831037 20.644947 28.592026 35.99677  44.20881  52.42107
 60.039074 68.24924  76.16377 ]
Model outputs shape: (1, 10, 8400)
Sample output: [14.427592 12.763073 20.543552 28.745998 36.11202  44.26241  52.39238
 60.160217 68.133835 76.143036]
Model outputs shape: (1, 10, 8400)
Sample output: [14.342854 12.77837  20.58765  28.744324 35.923397 44.054745 52.38543
 60.251564 68.203445 76.18687 ]
Model outputs shape: (1, 10, 8400)
Sample output: [14.725427  12.8756275 20.62067   28.794067  35.901287  43.894882
 52.099514  60.031357  67.96324   75.879135 ]
Model outputs shape: (1, 10, 8400)
Sample output: [14.869265 12.829226 20.522923 28.5967   35.66797  43.8955   52.35252
 60.494965 68.27858  76.152916]
Model outputs shape: (1, 10, 8400)
Sample output: [15.0236435 12.898756  20.478447  28.556816  35.43421   43.546276
 51.91633   60.08505   68.33284   76.28202  ]
Model outputs shape: (1, 10, 8400)
Sample output: [14.604178 12.780208 20.588375 28.722761 35.897972 43.81716  52.020523
 59.899582 67.986755 75.83583 ]
Model outputs shape: (1, 10, 8400)
Sample output: [14.284964 12.790002 20.554523 28.676163 35.792725 44.110718 52.095257
 59.977413 68.11177  76.30425 ]
Model outputs shape: (1, 10, 8400)
Sample output: [14.489989 12.872978 20.459137 28.6898   35.791977 44.115013 52.358906
 60.313213 68.29479  76.15518 ]
Model outputs shape: (1, 10, 8400)
Sample output: [14.387751 12.720583 20.593502 28.628136 35.736443 44.298363 52.38279
 60.28296  68.405426 76.24371 ]
Model outputs shape: (1, 10, 8400)
Sample output: [14.400662 12.816259 20.400063 28.485668 35.69539  44.073013 52.257042
 60.153786 68.22086  76.23595 ]
Model outputs shape: (1, 10, 8400)
Sample output: [14.835293 12.827354 20.463333 28.569954 35.759228 44.064316 52.178562
 60.12687  68.15994  75.98538 ]
Model outputs shape: (1, 10, 8400)
Sample output: [14.695992 12.749788 20.409039 28.69321  35.997658 44.137093 52.00853
 59.82625  68.07078  76.2005  ]
Model outputs shape: (1, 10, 8400)
Sample output: [14.5613   12.739576 20.486086 28.689037 36.040604 44.03554  51.902374
 59.532806 67.74566  75.893326]
Model outputs shape: (1, 10, 8400)
Sample output: [14.284915 12.816612 20.612278 28.919388 36.28934  44.478775 52.44924
 60.32354  68.44131  76.412125]
Model outputs shape: (1, 10, 8400)
Sample output: [15.009053 12.651291 20.292976 28.643772 35.799698 44.175255 52.50496
 60.18643  68.33818  76.40729 ]
Model outputs shape: (1, 10, 8400)
Sample output: [14.662472 12.833094 20.564116 28.80043  35.9596   44.10693  52.27884
 60.11217  68.27763  76.258514]
Model outputs shape: (1, 10, 8400)
Sample output: [14.59658  12.830181 20.613628 28.62344  36.05029  44.018562 51.968254
 59.9074   68.1752   76.251595]
Model outputs shape: (1, 10, 8400)
Sample output: [14.835069 12.865221 20.401272 28.546246 35.746124 43.929054 52.008842
 60.157036 68.048004 76.04997 ]
Model outputs shape: (1, 10, 8400)
Sample output: [14.721598 12.800838 20.581676 28.782095 35.931282 44.111534 52.15628
 59.912804 67.978424 75.751144]
Model outputs shape: (1, 10, 8400)
Sample output: [14.660035 12.849942 20.59708  28.648594 35.92218  44.036484 52.176453
 60.180584 68.47447  76.08533 ]
Model outputs shape: (1, 10, 8400)
Sample output: [14.623332 12.833721 20.541409 28.65168  35.739502 44.026928 52.234524
 59.886612 68.26648  76.269485]
Model outputs shape: (1, 10, 8400)
Sample output: [14.440248 12.919293 20.587341 28.74371  35.813873 43.8605   51.998585
 59.971916 68.17966  76.414734]
Model outputs shape: (1, 10, 8400)
Sample output: [14.664562  12.8336735 20.58884   28.743383  36.070602  44.160435
 52.321926  60.115643  68.16359   76.194916 ]
Model outputs shape: (1, 10, 8400)
Sample output: [14.7916975 12.714306  20.332048  28.49064   35.636337  44.101624
 52.303043  60.30795   68.3848    76.245224 ]
Model outputs shape: (1, 10, 8400)
Sample output: [14.242547 12.654991 20.545393 28.67244  35.805176 44.063797 52.31781
 60.253952 68.521286 76.34076 ]
Model outputs shape: (1, 10, 8400)
Sample output: [14.71577  12.811089 20.615871 28.65464  36.10283  44.25319  52.278267
 60.12457  68.17     76.13615 ]
Model outputs shape: (1, 10, 8400)
Sample output: [14.560475 12.944501 20.679249 28.779251 36.035442 44.08039  52.04441
 60.11493  68.17869  76.07692 ]
Model outputs shape: (1, 10, 8400)
Sample output: [14.692525 13.006989 20.661114 28.730843 35.6891   43.66719  51.78663
 59.776764 68.186874 76.07692 ]
Model outputs shape: (1, 10, 8400)
Sample output: [14.463323 12.758085 20.651852 28.773155 35.764755 43.7293   51.883118
 60.10963  68.38317  76.23069 ]
Model outputs shape: (1, 10, 8400)
Sample output: [14.688598 12.758272 20.634329 28.70345  35.79554  44.201473 52.206055
 60.033115 68.13565  76.095215]
Model outputs shape: (1, 10, 8400)
Sample output: [14.914663  12.9094715 20.490982  28.55341   35.742966  43.94027
 52.179947  60.201656  68.3196    76.12412  ]
Model outputs shape: (1, 10, 8400)
Sample output: [14.813007 12.807684 20.462708 28.567593 35.569927 43.891525 52.0958
 59.985603 67.95907  75.88021 ]
Model outputs shape: (1, 10, 8400)
Sample output: [14.566935 12.831625 20.575735 28.585335 35.717415 43.978165 52.509415
 60.430428 68.38969  76.132065]2025-03-13 12:56:35,558 - INFO - 127.0.0.1 - - [13/Mar/2025 12:56:35] "GET /cart HTTP/1.1" 200 -
2025-03-13 12:56:36,571 - INFO - 127.0.0.1 - - [13/Mar/2025 12:56:36] "GET /cart HTTP/1.1" 200 -
2025-03-13 12:56:38,577 - INFO - 127.0.0.1 - - [13/Mar/2025 12:56:38] "GET /cart HTTP/1.1" 200 -
2025-03-13 12:56:40,584 - INFO - 127.0.0.1 - - [13/Mar/2025 12:56:40] "GET /cart HTTP/1.1" 200 -
2025-03-13 12:56:42,579 - INFO - 127.0.0.1 - - [13/Mar/2025 12:56:42] "GET /cart HTTP/1.1" 200 -

Model outputs shape: (1, 10, 8400)
Sample output: [14.807225 12.957797 20.4751   28.816044 35.85002  44.096733 52.182083
 60.300125 68.37938  76.20044 ]
Model outputs shape: (1, 10, 8400)
Sample output: [14.598934 12.876284 20.414162 28.50829  35.731834 43.876167 51.95687
 60.025524 68.18268  75.951416]
Model outputs shape: (1, 10, 8400)
Sample output: [14.714487 12.937658 20.500568 28.431396 35.629765 43.682037 51.91706
 59.899445 68.24372  76.190735]
Model outputs shape: (1, 10, 8400)
Sample output: [14.461839 12.859605 20.445194 28.401163 35.468586 43.772034 52.082535
 60.15239  68.14672  76.02398 ]
Model outputs shape: (1, 10, 8400)
Sample output: [14.756283 12.81862  20.450983 28.457682 35.53022  43.94395  51.982147
 60.069126 68.150696 76.402824]
Model outputs shape: (1, 10, 8400)
Sample output: [14.536885 12.800896 20.464605 28.62539  35.66227  44.024796 52.300453
 60.11361  68.375755 76.58272 ]
Model outputs shape: (1, 10, 8400)
Sample output: [14.822076 12.935068 20.38954  28.4418   35.290222 43.592354 51.734493
 60.017662 68.26604  76.33267 ]
Model outputs shape: (1, 10, 8400)
Sample output: [14.696372 12.926607 20.474669 28.64161  35.905403 44.055992 52.218967
 60.304523 68.34885  76.42147 ]
Model outputs shape: (1, 10, 8400)
Sample output: [15.0141535 12.826737  20.355091  28.366299  35.683586  43.93482
 51.949635  59.861492  68.14499   76.301895 ]
Model outputs shape: (1, 10, 8400)
Sample output: [14.287241 12.671697 20.50077  28.54759  35.76904  44.16529  52.37571
 60.082397 68.236694 76.3761  ]
Model outputs shape: (1, 10, 8400)
Sample output: [14.786802 12.718039 20.416153 28.394566 35.527058 44.113316 52.347782
 60.19079  68.00974  76.15084 ]
Model outputs shape: (1, 10, 8400)
Sample output: [14.314008 12.700042 20.72998  28.843777 36.237125 44.289955 52.218452
 60.274464 68.33958  76.613495]
Model outputs shape: (1, 10, 8400)
Sample output: [14.258936 12.521528 20.633198 28.510048 35.743256 44.128418 52.296005
 60.10172  68.421234 76.425735]
Model outputs shape: (1, 10, 8400)
Sample output: [14.676889 12.768633 20.50743  28.42882  35.474472 43.6932   51.842552
 60.031452 68.25724  76.16799 ]
Model outputs shape: (1, 10, 8400)
Sample output: [14.750551 12.787855 20.484173 28.650757 36.119267 44.419903 52.216454
 60.206623 68.08929  75.94798 ]
Model outputs shape: (1, 10, 8400)
Sample output: [14.547535 12.765166 20.371498 28.426273 35.568108 43.841824 52.205902
 60.291058 68.36139  76.3351  ]
Model outputs shape: (1, 10, 8400)
Sample output: [14.642114 12.843435 20.387444 28.281788 35.30863  43.69158  52.11191
 60.328136 68.36832  76.30824 ]
Model outputs shape: (1, 10, 8400)
Sample output: [14.831655 12.766584 20.53934  28.657856 35.754562 44.04569  52.06666
 59.979027 68.00894  76.21289 ]
Model outputs shape: (1, 10, 8400)
Sample output: [14.757377 12.769675 20.369953 28.198616 35.37951  43.86137  52.056545
 59.893806 67.9716   75.988266]
Model outputs shape: (1, 10, 8400)
Sample output: [14.764424 12.747803 20.42706  28.590136 35.624752 44.0421   52.052826
 59.98323  67.98603  76.193016]
Model outputs shape: (1, 10, 8400)
Sample output: [14.841385 12.782919 20.453623 28.441086 35.416042 44.013412 52.190594
 60.13805  68.27272  76.14404 ]
Model outputs shape: (1, 10, 8400)
Sample output: [14.8824   12.820337 20.43146  28.538322 35.553795 43.833496 51.973186
 60.236927 68.47541  76.453   ]
Model outputs shape: (1, 10, 8400)
Sample output: [14.688032 12.724014 20.466793 28.723293 36.24939  44.342934 52.121384
 60.014595 68.26955  76.27116 ]
Model outputs shape: (1, 10, 8400)
Sample output: [14.654911 12.786634 20.595646 28.621132 35.79381  43.85292  51.99009
 59.90767  68.05032  76.01666 ]
Model outputs shape: (1, 10, 8400)
Sample output: [14.785555 12.747319 20.500538 28.569798 35.695915 43.988316 52.310936
 60.160404 68.24845  75.962616]
Model outputs shape: (1, 10, 8400)
Sample output: [14.533823 12.604921 20.516033 28.292343 35.204006 43.608376 52.101303
 59.94719  68.20418  76.2498  ]
Model outputs shape: (1, 10, 8400)
Sample output: [15.029667 12.74968  20.370544 28.279488 35.548462 43.900978 52.011692
 59.770702 67.964874 76.07179 ]
Model outputs shape: (1, 10, 8400)
Sample output: [14.70877  12.697639 20.367762 28.352247 35.614258 44.01248  52.227825
 59.87322  68.0917   76.14963 ]
Model outputs shape: (1, 10, 8400)
Sample output: [14.746994 12.832504 20.391773 28.465408 35.72985  43.893677 51.947643
 60.041645 68.40544  76.417496]
Model outputs shape: (1, 10, 8400)
Sample output: [14.407894 12.747594 20.510422 28.325066 35.195976 43.706642 52.16815
 60.42302  68.565704 76.345695]
Model outputs shape: (1, 10, 8400)
Sample output: [14.841509 12.737343 20.413486 28.3322   35.116543 43.542328 51.966423
 60.24456  68.47131  76.40567 ]
Model outputs shape: (1, 10, 8400)
Sample output: [14.693471 12.749104 20.351845 28.333654 35.421513 43.96729  52.139847
 60.326626 68.33557  76.40563 ]
Model outputs shape: (1, 10, 8400)
Sample output: [14.730661 12.853915 20.48323  28.40023  35.36029  43.360992 51.68781
 60.118332 68.23995  76.34377 ]
Model outputs shape: (1, 10, 8400)
Sample output: [14.391331 12.70659  20.49364  28.449991 35.528137 44.10488  52.355904
 60.21957  68.12892  75.90183 ]
Model outputs shape: (1, 10, 8400)
Sample output: [14.523367 12.784356 20.650234 28.584023 35.665276 44.281258 52.32035
 60.165455 68.172066 76.24057 ]
Model outputs shape: (1, 10, 8400)
Sample output: [14.94077  12.845605 20.499317 28.33964  35.463272 44.022297 52.334927
 60.1221   68.04753  75.88717 ]
Model outputs shape: (1, 10, 8400)
Sample output: [14.636162 12.759102 20.392403 28.483885 35.90829  44.061295 52.160156
 59.85483  67.994095 75.949905]
Model outputs shape: (1, 10, 8400)
Sample output: [14.518149 12.710641 20.432037 28.356075 35.650932 44.022453 52.34189
 60.066544 68.248    76.249725]
Model outputs shape: (1, 10, 8400)
Sample output: [14.441984 12.726829 20.546688 28.320786 35.342293 43.52992  51.944515
 60.290394 68.34923  76.27839 ]
Model outputs shape: (1, 10, 8400)
Sample output: [14.466428 12.69248  20.475765 28.2827   35.65045  44.025665 52.52481
 60.42711  68.38747  76.32228 ]
Model outputs shape: (1, 10, 8400)
Sample output: [14.485268 12.834162 20.529152 28.484915 35.54829  43.787807 52.050823
 60.055767 68.15888  76.26489 ]
Model outputs shape: (1, 10, 8400)
Sample output: [14.721497 12.888194 20.557161 28.637936 35.453213 43.533134 51.711887
 59.61757  67.94013  76.12674 ]
Model outputs shape: (1, 10, 8400)
Sample output: [14.9088335 12.749901  20.335186  28.491648  35.80361   43.97561
 52.139046  59.903297  68.05272   76.23038  ]
Model outputs shape: (1, 10, 8400)
Sample output: [14.558051 12.826506 20.51818  28.552057 35.884674 44.145473 52.329185
 60.133854 68.09251  76.20594 ]
Model outputs shape: (1, 10, 8400)
Sample output: [14.60369  12.930049 20.521385 28.783121 36.040718 44.23764  52.41392
 60.317047 68.34116  76.33966 ]
Model outputs shape: (1, 10, 8400)
Sample output: [14.888649 12.840652 20.382248 28.570948 35.66629  44.10457  52.239708
 60.123547 68.15554  76.01541 ]
Model outputs shape: (1, 10, 8400)
Sample output: [14.176043 12.748344 20.622856 28.562664 35.74624  44.0308   52.164497
 59.96634  68.018326 76.10318 ]
Model outputs shape: (1, 10, 8400)
Sample output: [14.909824  12.9095745 20.475998  28.489178  35.63881   43.817337
 51.987297  60.015976  68.211395  75.96931  ]
Model outputs shape: (1, 10, 8400)
Sample output: [14.966801 12.981464 20.496204 28.541962 35.770863 43.821503 52.026134
 59.865788 68.05992  76.13401 ]
Model outputs shape: (1, 10, 8400)
Sample output: [14.956196 13.061722 20.584818 28.559242 35.33359  43.5761   51.909874
 60.05033  68.3215   76.22894 ]
Model outputs shape: (1, 10, 8400)
Sample output: [15.027282 12.834703 20.331419 28.35875  35.270866 43.593597 51.997715
 59.776955 67.925644 76.00069 ]
Model outputs shape: (1, 10, 8400)
Sample output: [14.276662 12.724297 20.404808 28.318764 35.51829  43.781265 52.031597
 60.17945  68.30693  76.22691 ]
Model outputs shape: (1, 10, 8400)
Sample output: [14.750841  12.9523115 20.652645  28.6996    35.743668  43.881638
 51.956116  59.793137  67.99643   76.02075  ]
Model outputs shape: (1, 10, 8400)
Sample output: [14.721276 12.739394 20.443222 28.441116 35.85213  44.230667 52.230717
 60.34693  68.37874  76.34459 ]2025-03-13 12:56:45,164 - INFO - 127.0.0.1 - - [13/Mar/2025 12:56:45] "GET /cart HTTP/1.1" 200 -
2025-03-13 12:56:46,763 - INFO - 127.0.0.1 - - [13/Mar/2025 12:56:46] "GET /cart HTTP/1.1" 200 -
2025-03-13 12:56:48,830 - INFO - 127.0.0.1 - - [13/Mar/2025 12:56:48] "GET /cart HTTP/1.1" 200 -
2025-03-13 12:56:51,774 - INFO - 127.0.0.1 - - [13/Mar/2025 12:56:51] "GET /cart HTTP/1.1" 200 -

Model outputs shape: (1, 10, 8400)
Sample output: [14.970367 12.964977 20.470566 28.48889  35.727257 43.849117 51.812317
 59.486458 67.665    75.96466 ]
Model outputs shape: (1, 10, 8400)
Sample output: [14.991634 12.941801 20.482573 28.696869 35.895172 43.699615 51.7005
 59.61402  67.735275 75.87193 ]
Model outputs shape: (1, 10, 8400)
Sample output: [14.876909 12.856876 20.407211 28.285442 35.417774 43.580917 51.5887
 59.741573 68.06691  76.20242 ]
Model outputs shape: (1, 10, 8400)
Sample output: [15.081286 12.800005 20.34293  28.280567 35.47742  43.874508 52.03087
 59.875195 68.115944 76.07278 ]
Model outputs shape: (1, 10, 8400)
Sample output: [14.833279 12.90469  20.373005 28.361134 35.50126  43.675194 51.875473
 60.028305 68.30675  76.23892 ]
Model outputs shape: (1, 10, 8400)
Sample output: [15.04317  12.819365 20.335653 28.521126 35.741795 43.908566 52.113693
 59.949062 68.23382  76.225006]
Model outputs shape: (1, 10, 8400)
Sample output: [14.574211 12.597927 20.332922 28.390232 35.79603  44.102417 52.188244
 60.13442  68.194176 75.98917 ]
Model outputs shape: (1, 10, 8400)
Sample output: [14.772116 13.070064 20.447176 28.640602 35.755745 43.78538  51.644085
 59.3995   67.44673  75.657074]
Model outputs shape: (1, 10, 8400)
Sample output: [14.803392 12.710169 20.439472 28.375963 35.476067 44.020103 52.15875
 60.067455 68.24712  76.25023 ]
Model outputs shape: (1, 10, 8400)
Sample output: [15.084604 12.817621 20.497383 28.502415 35.902576 44.254765 52.449993
 60.28486  68.26794  76.20078 ]
Model outputs shape: (1, 10, 8400)
Sample output: [14.808132 12.885782 20.427095 28.571451 35.67518  43.64934  51.751705
 59.74784  68.01878  76.387115]
Model outputs shape: (1, 10, 8400)
Sample output: [14.592279 12.786869 20.479416 28.46014  35.512672 43.82925  52.08803
 60.081512 68.150665 76.073715]
Model outputs shape: (1, 10, 8400)
Sample output: [14.592695 12.710927 20.343964 28.43337  35.644554 43.944023 52.159225
 59.855095 67.71481  75.76051 ]
Model outputs shape: (1, 10, 8400)
Sample output: [15.228261  13.0073185 20.363949  28.446285  35.618847  43.863014
 51.82969   59.67015   67.71857   75.70528  ]
Model outputs shape: (1, 10, 8400)
Sample output: [14.719201 12.813871 20.617134 28.466581 35.87022  43.83525  51.767937
 59.327568 67.71446  75.81952 ]
Model outputs shape: (1, 10, 8400)
Sample output: [14.682758 12.792322 20.578243 28.446888 35.614784 43.751984 52.222305
 60.22799  68.66531  76.34248 ]
Model outputs shape: (1, 10, 8400)
Sample output: [14.679192 12.793609 20.4367   28.42748  35.609627 43.81037  52.184513
 60.181618 68.51158  76.43558 ]
Model outputs shape: (1, 10, 8400)
Sample output: [14.893295 12.906736 20.4403   28.505062 35.447624 43.474415 51.750114
 59.75619  68.09808  76.282425]
Model outputs shape: (1, 10, 8400)
Sample output: [14.42767  12.643026 20.56966  28.50549  35.68396  43.894314 51.967976
 59.788055 68.02004  76.02487 ]
Model outputs shape: (1, 10, 8400)
Sample output: [14.799812 12.812006 20.65731  28.545773 35.54677  43.69989  51.80848
 59.843353 68.01631  76.11354 ]
Model outputs shape: (1, 10, 8400)
Sample output: [15.11946  12.919928 20.412645 28.586166 35.733078 43.970764 51.87536
 59.899353 68.160446 76.16227 ]
Model outputs shape: (1, 10, 8400)
Sample output: [14.972754 12.930563 20.422466 28.496899 35.780365 43.807617 52.00348
 59.93866  68.2704   76.40963 ]
Model outputs shape: (1, 10, 8400)
Sample output: [15.096685 12.981092 20.345867 28.517988 35.627205 43.99705  52.087143
 59.894478 68.02899  76.09576 ]
Model outputs shape: (1, 10, 8400)
Sample output: [14.807768 12.829922 20.435143 28.72551  35.93665  43.942688 51.56699
 59.419346 67.59352  75.87363 ]
Model outputs shape: (1, 10, 8400)
Sample output: [15.224032 13.026415 20.444412 28.502972 35.21546  43.573082 51.946426
 60.21315  68.39575  76.26912 ]
Model outputs shape: (1, 10, 8400)
Sample output: [14.961227 12.894329 20.37439  28.310535 35.322014 43.672672 51.856087
 59.97111  68.10342  76.167915]
Model outputs shape: (1, 10, 8400)
Sample output: [14.725408 12.8783   20.599972 28.553772 35.565872 43.596848 51.95069
 59.872402 68.31859  76.272934]
Model outputs shape: (1, 10, 8400)
Sample output: [14.89814  13.053394 20.625082 28.594917 35.574013 43.96139  52.091022
 60.072117 68.09028  76.07013 ]
Model outputs shape: (1, 10, 8400)
Sample output: [14.63031   12.8077965 20.628149  28.676395  35.916405  44.07242
 52.08266   59.872894  68.001465  75.968376 ]
Model outputs shape: (1, 10, 8400)
Sample output: [14.866699 12.939552 20.640291 28.522709 35.71127  43.758717 51.638393
 59.422638 67.800934 76.030334]
Model outputs shape: (1, 10, 8400)
Sample output: [14.698777 12.830843 20.450983 28.394093 35.540447 43.90285  51.926723
 59.684956 67.96278  75.86554 ]
Model outputs shape: (1, 10, 8400)
Sample output: [14.709536 12.738714 20.513918 28.680756 35.771324 43.98221  51.972404
 59.87796  68.10431  76.095375]
Model outputs shape: (1, 10, 8400)
Sample output: [14.799803 12.77191  20.37561  28.422764 35.561806 43.73648  51.870785
 59.76069  68.14064  76.17999 ]
Model outputs shape: (1, 10, 8400)
Sample output: [14.647686 12.807024 20.47673  28.533176 35.836643 44.055237 52.141148
 59.877773 68.20334  76.21257 ]
Model outputs shape: (1, 10, 8400)
Sample output: [14.709873 12.697092 20.503567 28.334661 35.55802  43.825024 52.365387
 60.007027 68.05288  75.94832 ]
Model outputs shape: (1, 10, 8400)
Sample output: [14.445347 12.735069 20.507353 28.361034 35.58734  43.99768  52.24066
 60.13243  68.21459  76.203255]
Model outputs shape: (1, 10, 8400)
Sample output: [14.2028055 12.755945  20.548798  28.402267  35.250107  43.39464
 51.787064  60.10195   68.23541   76.29862  ]
Model outputs shape: (1, 10, 8400)
Sample output: [14.808981 13.017731 20.515903 28.528236 35.4643   43.6512   51.938786
 60.022587 68.11363  76.043884]
Model outputs shape: (1, 10, 8400)
Sample output: [14.698025 12.730943 20.343632 28.69088  35.9013   44.019535 52.042324
 59.922924 67.92863  75.83992 ]
Model outputs shape: (1, 10, 8400)
Sample output: [14.731639 12.855511 20.369125 28.47927  35.64895  43.85324  51.990276
 59.839348 67.97783  76.03227 ]
Model outputs shape: (1, 10, 8400)
Sample output: [14.938343 12.933702 20.401487 28.506147 35.734756 43.873024 52.101418
 60.091766 68.343094 76.24962 ]
Model outputs shape: (1, 10, 8400)
Sample output: [14.560159 12.826614 20.426195 28.549482 35.68499  43.905857 51.96348
 59.88012  68.03172  76.19963 ]
Model outputs shape: (1, 10, 8400)
Sample output: [14.454592  12.8163185 20.645878  28.718632  35.843597  44.037476
 52.04841   59.952835  67.93204   75.95293  ]
Model outputs shape: (1, 10, 8400)
Sample output: [15.001221 12.73711  20.336012 28.265537 35.463005 43.944214 51.986107
 59.876617 67.88948  75.94325 ]
Model outputs shape: (1, 10, 8400)
Sample output: [15.102196  12.7115345 20.435932  28.382038  35.519424  43.617657
 51.97258   59.81423   67.8871    75.74078  ]
Model outputs shape: (1, 10, 8400)
Sample output: [14.870443 12.776644 20.459661 28.377365 35.691227 43.87231  52.106182
 60.040073 68.02046  75.95448 ]
Model outputs shape: (1, 10, 8400)
Sample output: [14.841535 12.868593 20.556595 28.24616  35.427223 43.489643 51.934605
 60.05439  68.137184 76.20783 ]
Model outputs shape: (1, 10, 8400)
Sample output: [15.096725 12.991522 20.446735 28.504406 35.60631  43.782875 51.86324
 59.742863 68.04382  76.06974 ]
Model outputs shape: (1, 10, 8400)
Sample output: [15.084856 12.845011 20.495304 28.57706  35.682945 43.78145  52.026466
 59.92768  68.04567  75.99309 ]
Model outputs shape: (1, 10, 8400)
Sample output: [14.818377 12.79743  20.458193 28.55674  35.498524 43.619656 51.880066
 59.78585  67.83261  75.93878 ]
Model outputs shape: (1, 10, 8400)
Sample output: [14.85044  12.67716  20.414938 28.451748 35.55966  43.86415  51.995735
 59.914948 67.83389  75.79734 ]
Model outputs shape: (1, 10, 8400)
Sample output: [14.759832 12.847433 20.560501 28.527649 35.640823 43.71423  51.708298
 59.617485 67.97261  76.06478 ]
Model outputs shape: (1, 10, 8400)
Sample output: [14.618768 12.746298 20.543827 28.433392 35.684853 43.97127  52.162037
 60.065796 68.089264 76.02599 ]
Model outputs shape: (1, 10, 8400)
Sample output: [14.777614 12.796627 20.528896 28.51309  35.547672 43.57123  51.805973
 59.869778 68.33806  75.839905]2025-03-13 12:56:54,848 - INFO - 127.0.0.1 - - [13/Mar/2025 12:56:54] "GET /cart HTTP/1.1" 200 -
2025-03-13 12:56:57,486 - INFO - 127.0.0.1 - - [13/Mar/2025 12:56:57] "GET /cart HTTP/1.1" 200 -
2025-03-13 12:57:00,466 - INFO - 127.0.0.1 - - [13/Mar/2025 12:57:00] "GET /cart HTTP/1.1" 200 -
2025-03-13 12:57:03,928 - INFO - 127.0.0.1 - - [13/Mar/2025 12:57:03] "GET /cart HTTP/1.1" 200 -

Model outputs shape: (1, 10, 8400)
Sample output: [14.729996 12.749579 20.45629  28.396343 35.778164 43.880737 51.74781
 59.799164 67.95981  76.16141 ]
Model outputs shape: (1, 10, 8400)
Sample output: [15.240389 12.921234 20.346153 28.325397 35.591488 43.92811  51.987354
 59.854443 68.0025   76.1863  ]
Model outputs shape: (1, 10, 8400)
Sample output: [14.843539 12.822222 20.460846 28.383701 35.43217  43.800648 52.06331
 59.766293 67.82156  76.02759 ]
Model outputs shape: (1, 10, 8400)
Sample output: [14.979876 12.813119 20.547108 28.318176 35.464592 43.95363  52.152023
 60.06736  68.24558  76.5836  ]
Model outputs shape: (1, 10, 8400)
Sample output: [15.141231 12.916979 20.58532  28.58611  35.68965  43.804806 51.91279
 59.6828   68.04552  76.13742 ]
Model outputs shape: (1, 10, 8400)
Sample output: [15.028516 12.765346 20.359497 28.324306 35.406555 43.820816 52.013477
 59.76596  67.92551  76.017075]
Model outputs shape: (1, 10, 8400)
Sample output: [14.909818 12.774307 20.429138 28.508398 35.49706  43.749916 51.95061
 59.987984 68.05716  76.02986 ]
Model outputs shape: (1, 10, 8400)
Sample output: [14.28874  12.648249 20.566713 28.671637 36.042137 44.25984  52.12557
 59.78076  68.10858  76.2577  ]
Model outputs shape: (1, 10, 8400)
Sample output: [14.855679 12.865152 20.554958 28.394363 35.4913   43.96217  51.95215
 59.828327 67.89238  76.0186  ]
Model outputs shape: (1, 10, 8400)
Sample output: [14.644212 12.87598  20.53936  28.498718 35.59794  43.967342 52.43926
 60.396076 68.44504  76.24043 ]
Model outputs shape: (1, 10, 8400)
Sample output: [14.537046 12.702232 20.562462 28.491894 35.765755 43.847233 52.01339
 59.989414 68.03709  76.02971 ]
Model outputs shape: (1, 10, 8400)
Sample output: [14.42254   12.6245575 20.402075  28.225239  35.54589   43.997498
 51.977184  59.97718   68.160614  76.1671   ]
Model outputs shape: (1, 10, 8400)
Sample output: [14.849488 12.870869 20.292135 28.502401 35.911713 44.246445 52.304836
 60.050343 68.027115 75.78987 ]
Model outputs shape: (1, 10, 8400)
Sample output: [14.791077 12.792975 20.439365 28.541546 35.574165 43.716015 51.95298
 59.857468 67.95906  75.9185  ]
Model outputs shape: (1, 10, 8400)
Sample output: [14.362307 12.771099 20.58268  28.560398 35.49161  43.674004 51.869312
 59.91604  68.2462   76.20448 ]
Model outputs shape: (1, 10, 8400)
Sample output: [14.679135 12.861752 20.481886 28.589104 35.82396  43.966385 52.080566
 59.739212 68.05853  76.30072 ]
Model outputs shape: (1, 10, 8400)
Sample output: [15.034376 12.967122 20.364693 28.333412 35.374428 43.681156 51.874065
 59.691444 67.939674 76.18501 ]
Model outputs shape: (1, 10, 8400)
Sample output: [14.535786 12.86738  20.551151 28.822657 36.212196 44.180317 52.145336
 59.942913 68.04782  76.174225]
Model outputs shape: (1, 10, 8400)
Sample output: [15.012226 12.945968 20.378098 28.500172 35.37256  43.607384 51.949635
 59.9474   68.089645 76.018616]
Model outputs shape: (1, 10, 8400)
Sample output: [14.601886 12.962491 20.395172 28.404236 35.487976 43.62455  51.92065
 60.15604  68.3126   76.297714]
Model outputs shape: (1, 10, 8400)
Sample output: [14.7656765 12.771313  20.471611  28.4873    35.493683  43.461266
 51.372486  59.685047  68.05351   76.13193  ]
Model outputs shape: (1, 10, 8400)
Sample output: [14.521891 12.758593 20.563107 28.609081 35.6783   43.72047  51.641285
 59.60554  67.97673  76.16648 ]
Model outputs shape: (1, 10, 8400)
Sample output: [14.530415 12.811794 20.557373 28.446436 35.68309  43.795277 52.095795
 60.022873 68.224    75.9757  ]
Model outputs shape: (1, 10, 8400)
Sample output: [14.840116 12.803406 20.378578 28.527174 35.787804 43.813488 51.993233
 59.67563  67.826614 75.64107 ]
Model outputs shape: (1, 10, 8400)
Sample output: [14.607771 12.855583 20.404716 28.35274  35.703705 43.838383 51.943035
 59.659233 67.81058  76.01094 ]
Model outputs shape: (1, 10, 8400)
Sample output: [15.1391535 12.903404  20.409492  28.417963  35.612766  43.86509
 52.08024   59.984932  68.15372   76.032295 ]
Model outputs shape: (1, 10, 8400)
Sample output: [14.771568 12.825463 20.547857 28.330963 35.28509  43.665447 52.156277
 60.13513  68.29288  76.154594]
Model outputs shape: (1, 10, 8400)
Sample output: [15.251092 13.058535 20.418442 28.55637  35.64396  43.91021  51.93214
 59.91913  68.0246   76.03253 ]
Model outputs shape: (1, 10, 8400)
Sample output: [14.916513 13.027899 20.391655 28.505123 35.541992 43.921547 51.80852
 59.827    67.81529  75.96766 ]
Model outputs shape: (1, 10, 8400)
Sample output: [14.931061 12.862943 20.415112 28.353878 35.517853 43.82962  51.85106
 59.58524  67.821915 75.90683 ]
Model outputs shape: (1, 10, 8400)
Sample output: [15.140142  12.9158535 20.39008   28.553757  35.675842  43.847878
 51.776165  59.7991    67.813835  75.87509  ]
Model outputs shape: (1, 10, 8400)
Sample output: [14.972042 13.012718 20.482483 28.64935  35.701275 43.737976 52.16237
 60.149696 68.346855 76.25925 ]
Model outputs shape: (1, 10, 8400)
Sample output: [15.022512 12.902105 20.540327 28.327908 35.41834  43.838554 52.138
 59.92077  68.07167  75.97481 ]
Model outputs shape: (1, 10, 8400)
Sample output: [14.878598 12.735283 20.33266  28.329327 35.604427 44.030884 52.252773
 60.054985 68.18402  76.01361 ]
Model outputs shape: (1, 10, 8400)
Sample output: [14.759285 12.836194 20.431313 28.502687 35.609226 43.884853 52.041386
 59.919113 68.23178  75.95212 ]
Model outputs shape: (1, 10, 8400)
Sample output: [14.610081 12.949275 20.636358 28.541431 35.30673  43.686775 52.381645
 60.38862  68.6989   76.24232 ]
Model outputs shape: (1, 10, 8400)
Sample output: [14.698368 13.031149 20.616955 28.571999 35.328815 43.494347 51.95073
 60.053047 68.42973  76.27666 ]
Model outputs shape: (1, 10, 8400)
Sample output: [15.122163 12.907562 20.416252 28.373495 35.397053 43.709747 52.07508
 59.97067  68.41826  76.24544 ]
Model outputs shape: (1, 10, 8400)
Sample output: [15.261338 12.905861 20.486229 28.628075 35.67581  43.840134 52.05199
 60.035885 68.31306  76.15541 ]
Model outputs shape: (1, 10, 8400)
Sample output: [15.218563 12.97247  20.302874 28.35608  35.299416 43.671894 51.958324
 59.74852  67.93435  76.0765  ]
Model outputs shape: (1, 10, 8400)
Sample output: [14.919762 12.919622 20.37181  28.394337 35.5956   43.825928 52.146065
 60.021034 68.30107  76.34698 ]
Model outputs shape: (1, 10, 8400)
Sample output: [14.690628 12.770937 20.36687  28.506577 35.71611  43.705536 52.122982
 60.040226 68.2872   76.25427 ]
Model outputs shape: (1, 10, 8400)
Sample output: [15.034628 12.763007 20.346289 28.343237 35.617157 43.93738  52.108486
 59.862694 67.84746  76.026215]
Model outputs shape: (1, 10, 8400)
Sample output: [14.365061 12.710566 20.481464 28.499058 35.84616  44.078236 52.03431
 59.953217 68.07196  76.11509 ]
Model outputs shape: (1, 10, 8400)
Sample output: [14.4923935 12.816629  20.59795   28.46608   35.629654  43.724216
 51.982067  60.048317  68.36917   76.306984 ]
Model outputs shape: (1, 10, 8400)
Sample output: [14.839318 12.736772 20.334143 28.533306 35.695107 43.952568 52.041
 59.709    67.92686  76.150406]
Model outputs shape: (1, 10, 8400)
Sample output: [14.734905 12.770092 20.46747  28.441818 35.479584 43.995716 52.216297
 59.85264  68.11484  76.11304 ]
Model outputs shape: (1, 10, 8400)
Sample output: [14.810538 12.892157 20.54788  28.501183 35.54668  43.749687 52.063244
 60.019928 68.12599  76.06813 ]
Model outputs shape: (1, 10, 8400)
Sample output: [14.7747   12.887724 20.365795 28.412392 35.475086 44.010433 52.051178
 59.545727 67.791756 75.869644]
Model outputs shape: (1, 10, 8400)
Sample output: [14.791845 12.796138 20.589157 28.578976 35.749733 43.930138 52.015396
 59.67806  67.99448  76.376785]
Model outputs shape: (1, 10, 8400)
Sample output: [15.141293 12.988165 20.44649  28.457203 35.233368 43.4083   51.73818
 59.73265  68.005905 76.082214]
Model outputs shape: (1, 10, 8400)
Sample output: [14.759032 12.851741 20.452217 28.307098 35.18298  43.42665  51.69711
 59.691547 68.15138  76.26622 ]
Model outputs shape: (1, 10, 8400)
Sample output: [14.750481 12.88836  20.516811 28.618132 35.630028 43.764786 52.002407
 59.790737 67.80299  76.07525 ]
Model outputs shape: (1, 10, 8400)
Sample output: [15.133692 12.861973 20.428617 28.349895 35.572754 43.70225  51.689693
 59.743465 67.909386 75.823326]2025-03-13 12:57:06,828 - INFO - 127.0.0.1 - - [13/Mar/2025 12:57:06] "GET /cart HTTP/1.1" 200 -
2025-03-13 12:57:09,684 - INFO - 127.0.0.1 - - [13/Mar/2025 12:57:09] "GET /cart HTTP/1.1" 200 -
2025-03-13 12:57:12,506 - INFO - 127.0.0.1 - - [13/Mar/2025 12:57:12] "GET /cart HTTP/1.1" 200 -
2025-03-13 12:57:14,542 - INFO - 127.0.0.1 - - [13/Mar/2025 12:57:14] "GET /cart HTTP/1.1" 200 -
2025-03-13 12:57:16,547 - INFO - 127.0.0.1 - - [13/Mar/2025 12:57:16] "GET /cart HTTP/1.1" 200 -

Model outputs shape: (1, 10, 8400)
Sample output: [14.845653 12.850851 20.522017 28.628016 35.599625 43.718575 51.83614
 59.882156 68.07337  76.04219 ]
Model outputs shape: (1, 10, 8400)
Sample output: [14.801945 12.634106 20.397886 28.431583 35.67769  44.03763  52.27387
 60.150246 68.20192  76.10585 ]
Model outputs shape: (1, 10, 8400)
Sample output: [14.872931 12.960539 20.520939 28.522144 35.252846 43.511612 51.806114
 59.80308  68.177124 76.327255]
Model outputs shape: (1, 10, 8400)
Sample output: [15.152569 12.825991 20.310215 28.253265 35.443886 43.75269  52.005856
 59.934273 68.02637  76.057465]
Model outputs shape: (1, 10, 8400)
Sample output: [14.973802 12.795038 20.472065 28.553635 35.59416  43.67224  51.907864
 59.78956  68.11837  76.20393 ]
Model outputs shape: (1, 10, 8400)
Sample output: [14.961872 12.881847 20.523174 28.265347 34.910816 43.035423 51.386417
 59.96212  68.42365  76.4601  ]
Model outputs shape: (1, 10, 8400)
Sample output: [14.941748 12.758915 20.57084  28.671314 35.575172 43.815434 52.0636
 60.041702 68.34247  76.28541 ]
Model outputs shape: (1, 10, 8400)
Sample output: [15.078825 12.893816 20.424711 28.451748 35.26468  43.763306 52.07402
 60.0393   68.33803  76.270035]
Model outputs shape: (1, 10, 8400)
Sample output: [14.763648 12.887924 20.465057 28.579048 35.658073 43.805393 52.212227
 60.099857 68.495255 76.31058 ]
Model outputs shape: (1, 10, 8400)
Sample output: [14.417801 12.756395 20.50461  28.537874 35.642525 43.927288 52.20668
 60.141335 68.29724  76.224884]
Model outputs shape: (1, 10, 8400)
Sample output: [14.746789 12.79022  20.394943 28.605621 35.777317 43.92149  52.134537
 60.248074 68.17084  76.093765]
Model outputs shape: (1, 10, 8400)
Sample output: [14.900748 12.851455 20.410025 28.309517 35.233875 43.454056 51.78533
 59.80398  68.08484  76.02713 ]
Model outputs shape: (1, 10, 8400)
Sample output: [14.752849 12.817921 20.384758 28.093796 35.294445 43.311607 51.615322
 59.61474  67.68204  75.728836]
Model outputs shape: (1, 10, 8400)
Sample output: [14.79406  12.669369 20.375254 28.203289 35.48053  44.115574 52.304016
 60.18354  68.0916   76.14746 ]
Model outputs shape: (1, 10, 8400)
Sample output: [14.557364 12.89709  20.489994 28.762371 35.911728 43.86012  51.889404
 59.78822  68.043625 76.28647 ]
Model outputs shape: (1, 10, 8400)
Sample output: [14.53579  12.66465  20.328724 28.355919 35.47248  43.89337  52.170715
 59.99716  68.32093  76.35596 ]
Model outputs shape: (1, 10, 8400)
Sample output: [15.206543 12.878817 20.398426 28.739208 35.74301  43.933014 51.942127
 59.84186  67.92005  75.837746]
Model outputs shape: (1, 10, 8400)
Sample output: [15.324783 12.844084 20.42646  28.338318 35.368195 43.62359  51.83472
 59.892902 68.16385  76.21056 ]
Model outputs shape: (1, 10, 8400)
Sample output: [14.740282 12.830463 20.444515 28.2989   35.304695 43.660576 51.838615
 59.810238 67.921906 75.88623 ]
Model outputs shape: (1, 10, 8400)
Sample output: [14.979738 12.782427 20.373005 28.378794 35.380566 43.64062  51.95681
 59.97202  68.18783  76.1372  ]
Model outputs shape: (1, 10, 8400)
Sample output: [15.0621395 12.974407  20.386261  28.550747  35.562008  43.764267
 51.938484  59.863358  67.89899   75.7979   ]
Model outputs shape: (1, 10, 8400)
Sample output: [14.970264  12.9635315 20.512936  28.532421  35.427547  43.70312
 52.063675  59.995132  68.10159   76.00653  ]
Model outputs shape: (1, 10, 8400)
Sample output: [14.64166  12.84317  20.539036 28.544754 35.857758 43.631546 51.85778
 59.705246 68.096634 76.385345]
Model outputs shape: (1, 10, 8400)
Sample output: [14.797692 12.825296 20.394249 28.488667 35.56035  43.84237  52.04023
 59.97789  68.11175  76.10986 ]
Model outputs shape: (1, 10, 8400)
Sample output: [15.013033 12.674618 20.388393 28.407076 35.422554 43.793945 52.027203
 60.024258 68.321976 76.325035]
Model outputs shape: (1, 10, 8400)
Sample output: [15.080084 12.829443 20.35656  28.605627 35.7995   43.90738  52.121094
 60.040707 68.19295  76.12019 ]
Model outputs shape: (1, 10, 8400)
Sample output: [14.878773 12.867117 20.514538 28.45981  35.65112  43.772446 51.92613
 59.720184 67.8817   76.01985 ]
Model outputs shape: (1, 10, 8400)
Sample output: [14.7734165 12.930257  20.61924   28.613567  35.672195  43.912235
 52.01634   60.08647   67.9796    76.03104  ]
Model outputs shape: (1, 10, 8400)
Sample output: [15.301582 13.042814 20.47895  28.499386 35.45127  43.77535  52.018845
 59.956676 68.02214  75.93486 ]
Model outputs shape: (1, 10, 8400)
Sample output: [15.225721 12.896791 20.462553 28.46752  35.609344 43.888046 52.000763
 59.93064  68.07086  76.158646]
Model outputs shape: (1, 10, 8400)
Sample output: [15.001936 12.784349 20.3506   28.411398 35.66074  43.943447 51.878555
 59.878284 67.81784  76.0626  ]
Model outputs shape: (1, 10, 8400)
Sample output: [14.913709 12.79417  20.355545 28.402763 35.406902 43.564262 51.7465
 59.66617  67.81885  76.23067 ]
Model outputs shape: (1, 10, 8400)
Sample output: [14.6813755 12.849896  20.383577  28.476727  35.945873  44.148308
 52.377148  60.15347   68.27349   76.27382  ]
Model outputs shape: (1, 10, 8400)
Sample output: [14.947451 12.785893 20.375172 28.351849 35.48812  43.889015 52.0155
 59.841892 67.99409  75.98787 ]
Model outputs shape: (1, 10, 8400)
Sample output: [14.781727 12.920146 20.514725 28.64164  35.746155 43.86224  51.874924
 59.60504  67.79802  75.962326]
Model outputs shape: (1, 10, 8400)
Sample output: [14.550302 12.70536  20.482504 28.440592 35.431953 43.701046 52.273743
 59.980034 68.167435 76.24622 ]
Model outputs shape: (1, 10, 8400)
Sample output: [14.571546 12.803638 20.460125 28.59493  35.73614  43.826923 52.16474
 59.799    68.0834   76.026215]
Model outputs shape: (1, 10, 8400)
Sample output: [14.794868 12.792028 20.464094 28.705822 35.91029  44.076897 51.90499
 59.618507 67.8757   75.974396]
Model outputs shape: (1, 10, 8400)
Sample output: [14.564045 12.822775 20.677708 28.676287 35.79712  43.756916 51.946472
 60.172623 68.358444 76.1949  ]
Model outputs shape: (1, 10, 8400)
Sample output: [14.897258 12.894321 20.495733 28.531902 35.770473 43.796463 52.111706
 60.00605  68.22044  76.21538 ]
Model outputs shape: (1, 10, 8400)
Sample output: [14.926475 12.802099 20.270012 28.299923 35.611877 44.095833 52.17302
 60.289486 68.365875 76.11841 ]
Model outputs shape: (1, 10, 8400)
Sample output: [14.381727 12.775068 20.501266 28.45067  35.66226  43.781593 51.96009
 59.961555 68.14218  76.01543 ]
Model outputs shape: (1, 10, 8400)
Sample output: [14.557113 12.745912 20.54841  28.502422 35.692    44.149773 52.258266
 60.167652 68.27344  76.147804]
Model outputs shape: (1, 10, 8400)
Sample output: [14.454771 12.837065 20.546375 28.540752 35.631218 43.74426  52.08531
 60.05792  68.11807  75.92935 ]
Model outputs shape: (1, 10, 8400)
Sample output: [14.782732 12.72817  20.412186 28.379343 35.41119  43.419037 51.564056
 59.821945 68.301605 76.101776]
Model outputs shape: (1, 10, 8400)
Sample output: [14.470851 12.667557 20.468998 28.164164 35.231598 43.555588 52.06483
 60.127567 68.38195  76.23817 ]
Model outputs shape: (1, 10, 8400)
Sample output: [14.954893 12.77602  20.372047 28.599583 35.867466 43.917614 52.030396
 59.763573 68.22445  76.269966]
Model outputs shape: (1, 10, 8400)
Sample output: [15.188607  12.8421335 20.383957  28.503738  35.58242   43.906006
 52.28991   60.13336   68.073105  76.05803  ]
Model outputs shape: (1, 10, 8400)
Sample output: [15.210243 13.010335 20.390108 28.440983 35.85165  43.804417 51.740917
 59.767727 67.90084  75.88377 ]
Model outputs shape: (1, 10, 8400)
Sample output: [15.162979  12.9566345 20.50365   28.320827  35.602562  43.560074
 51.6762    59.768124  67.95254   75.76088  ]
Model outputs shape: (1, 10, 8400)
Sample output: [15.502441 12.887658 20.235798 28.302467 35.510147 43.851784 52.11456
 59.854126 67.835846 75.70916 ]
Model outputs shape: (1, 10, 8400)
Sample output: [15.391165 12.742456 20.251839 28.327814 35.398685 43.75889  51.675144
 59.438374 67.66115  75.81386 ]
Model outputs shape: (1, 10, 8400)
Sample output: [14.886335 12.818042 20.566853 28.625502 35.63196  43.751026 51.89966
 59.99527  68.24193  76.329834]
Model outputs shape: (1, 10, 8400)
Sample output: [15.357685 13.045214 20.399658 28.597025 35.598007 43.860985 52.115158
 60.040836 67.99864  75.936325]2025-03-13 12:57:18,646 - INFO - 127.0.0.1 - - [13/Mar/2025 12:57:18] "GET /cart HTTP/1.1" 200 -
2025-03-13 12:57:21,543 - INFO - 127.0.0.1 - - [13/Mar/2025 12:57:21] "GET /cart HTTP/1.1" 200 -
2025-03-13 12:57:24,479 - INFO - 127.0.0.1 - - [13/Mar/2025 12:57:24] "GET /cart HTTP/1.1" 200 -
2025-03-13 12:57:27,810 - INFO - 127.0.0.1 - - [13/Mar/2025 12:57:27] "GET /cart HTTP/1.1" 200 -
2025-03-13 12:57:30,470 - INFO - 127.0.0.1 - - [13/Mar/2025 12:57:30] "GET /cart HTTP/1.1" 200 -
